2025-10-14 09:52:00 [[32minfo[39m] [Cron] Memulai fetch berita...
2025-10-14 09:52:00 [[31merror[39m] [Cron Error] Gagal parsing okezone: 
Invalid `prisma.source.upsert()` invocation in
C:\Users\Bootcamp Dumbways\one-news-paper\one-news-portal\src\services\news.service.ts:82:46

  79     articles: NormalizedArticle[],
  80     source: { name: string; url: string; rssUrl: string; category: string }
  81 ): Promise<void> {
→ 82     const sourceRecord = await prisma.source.upsert(
The table `public.Source` does not exist in the current database.
2025-10-14 09:53:00 [[32minfo[39m] [Cron] Memulai fetch berita...
2025-10-14 09:53:00 [[31merror[39m] [Cron Error] Gagal parsing okezone: 
Invalid `prisma.source.upsert()` invocation in
C:\Users\Bootcamp Dumbways\one-news-paper\one-news-portal\src\services\news.service.ts:82:46

  79     articles: NormalizedArticle[],
  80     source: { name: string; url: string; rssUrl: string; category: string }
  81 ): Promise<void> {
→ 82     const sourceRecord = await prisma.source.upsert(
The table `public.Source` does not exist in the current database.
2025-10-14 09:54:00 [[32minfo[39m] [Cron] Memulai fetch berita...
2025-10-14 09:54:00 [[31merror[39m] [Cron Error] Gagal parsing okezone: 
Invalid `prisma.source.upsert()` invocation in
C:\Users\Bootcamp Dumbways\one-news-paper\one-news-portal\src\services\news.service.ts:82:46

  79     articles: NormalizedArticle[],
  80     source: { name: string; url: string; rssUrl: string; category: string }
  81 ): Promise<void> {
→ 82     const sourceRecord = await prisma.source.upsert(
The table `public.Source` does not exist in the current database.
2025-10-14 09:56:00 [[32minfo[39m] [Cron] Memulai fetch berita...
2025-10-14 09:57:00 [[32minfo[39m] [Cron] Memulai fetch berita...
2025-10-14 09:57:01 [[31merror[39m] [Cron Error] Gagal parsing viva: Request timed out after 60000ms
2025-10-14 09:58:00 [[32minfo[39m] [Cron] Memulai fetch berita...
2025-10-14 09:58:01 [[31merror[39m] [Cron Error] Gagal parsing antaranews: Request timed out after 60000ms
2025-10-14 09:59:00 [[32minfo[39m] [Cron] Memulai fetch berita...
2025-10-14 09:59:00 [[31merror[39m] [Cron Error] Gagal parsing okezone: Request timed out after 60000ms
2025-10-14 09:59:01 [[32minfo[39m] [Cron] Berhasil update berita.
2025-10-14 10:00:00 [[32minfo[39m] [Cron] Memulai fetch berita...
2025-10-14 10:00:02 [[32minfo[39m] [Cron] Berhasil update berita.
2025-10-14 10:30:00 [[32minfo[39m] [Cron] Memulai fetch berita...
2025-10-14 10:31:01 [[31merror[39m] [Cron Error] Gagal parsing viva: Request timed out after 60000ms
2025-10-14 10:40:00 [[32minfo[39m] [Cron] Memulai fetch berita...
2025-10-14 10:50:00 [[32minfo[39m] [Cron] Memulai fetch berita...
2025-10-14 10:51:00 [[31merror[39m] [Cron Error] Gagal parsing cnn: Request timed out after 60000ms
2025-10-14 11:00:00 [[32minfo[39m] [Cron] Memulai fetch berita...
2025-10-14 11:01:02 [[31merror[39m] [Cron Error] Gagal parsing antaranews: Request timed out after 60000ms
2025-10-14 11:10:00 [[32minfo[39m] [Cron] Memulai fetch berita...
2025-10-14 11:11:00 [[31merror[39m] [Cron Error] Gagal parsing cnn: Request timed out after 60000ms
2025-10-14 11:20:00 [[32minfo[39m] [Cron] Memulai fetch berita...
2025-10-14 11:20:05 [[32minfo[39m] [Cron] Berhasil update berita.
2025-10-14 11:30:00 [[32minfo[39m] [Cron] Memulai fetch berita...
2025-10-14 11:40:00 [[32minfo[39m] [Cron] Memulai fetch berita...
2025-10-14 11:41:01 [[31merror[39m] [Cron Error] Gagal parsing viva: Request timed out after 60000ms
2025-10-14 11:50:00 [[32minfo[39m] [Cron] Memulai fetch berita...
2025-10-14 11:51:00 [[31merror[39m] [Cron Error] Gagal parsing cnn: Request timed out after 60000ms
2025-10-14 12:10:00 [[32minfo[39m] [Cron] Memulai fetch berita...
2025-10-14 12:11:02 [[31merror[39m] [Cron Error] Gagal parsing antaranews: Request timed out after 60000ms
2025-10-14 12:30:00 [[32minfo[39m] [Cron] Memulai fetch berita...
2025-10-14 12:31:00 [[31merror[39m] [Cron Error] Gagal parsing cnn: Request timed out after 60000ms
2025-10-14 12:40:00 [[32minfo[39m] [Cron] Memulai fetch berita...
2025-10-14 12:41:01 [[31merror[39m] [Cron Error] Gagal parsing cnbc: Request timed out after 60000ms
2025-10-14 13:00:00 [[32minfo[39m] [Cron] Memulai fetch berita...
2025-10-14 13:01:02 [[31merror[39m] [Cron Error] Gagal parsing viva: Request timed out after 60000ms
2025-10-14 13:10:00 [[32minfo[39m] [Cron] Memulai fetch berita...
2025-10-14 13:10:03 [[32minfo[39m] [Cron] Berhasil update berita.
2025-10-14 13:20:00 [[32minfo[39m] [Cron] Memulai fetch berita...
2025-10-14 13:22:40 [[31merror[39m] [Cron Error] Gagal parsing viva: Request timed out after 60000ms
2025-10-14 13:30:00 [[32minfo[39m] [Cron] Memulai fetch berita...
2025-10-14 13:31:00 [[31merror[39m] [Cron Error] Gagal parsing cnn: Request timed out after 60000ms
2025-10-14 13:40:00 [[32minfo[39m] [Cron] Memulai fetch berita...
2025-10-14 13:41:00 [[31merror[39m] [Cron Error] Gagal parsing okezone: Request timed out after 60000ms
2025-10-14 13:50:00 [[32minfo[39m] [Cron] Memulai fetch berita...
2025-10-14 13:50:02 [[32minfo[39m] [Cron] Berhasil update berita.
2025-10-14 14:00:00 [[32minfo[39m] [Cron] Memulai fetch berita...
2025-10-14 14:00:03 [[32minfo[39m] [Cron] Berhasil update berita.
2025-10-14 14:10:00 [[32minfo[39m] [Cron] Memulai fetch berita...
2025-10-14 14:10:03 [[32minfo[39m] [Cron] Berhasil update berita.
2025-10-14 14:20:00 [[32minfo[39m] [Cron] Memulai fetch berita...
2025-10-14 14:20:02 [[32minfo[39m] [Cron] Berhasil update berita.
2025-10-14 16:10:00 [[32minfo[39m] [Cron] Memulai fetch berita...
2025-10-14 16:10:03 [[32minfo[39m] [Cron] Berhasil update berita.
2025-10-14 16:20:00 [[32minfo[39m] [Cron] Memulai fetch berita...
2025-10-14 16:21:02 [[31merror[39m] [Cron Error] Gagal parsing viva: Request timed out after 60000ms
2025-10-14 16:30:00 [[32minfo[39m] [Cron] Memulai fetch berita...
2025-10-14 16:30:02 [[32minfo[39m] [Cron] Berhasil update berita.
2025-10-14 16:40:00 [[32minfo[39m] [Cron] Memulai fetch berita...
2025-10-14 16:41:00 [[31merror[39m] [Cron Error] Gagal parsing cnn: Request timed out after 60000ms
2025-10-14 16:50:00 [[32minfo[39m] [Cron] Memulai fetch berita...
2025-10-14 16:51:00 [[31merror[39m] [Cron Error] Gagal parsing okezone: Request timed out after 60000ms
2025-10-14 17:00:00 [[32minfo[39m] [Cron] Memulai fetch berita...
2025-10-14 17:00:02 [[32minfo[39m] [Cron] Berhasil update berita.
2025-10-14 17:10:00 [[32minfo[39m] [Cron] Memulai fetch berita...
2025-10-14 17:11:01 [[31merror[39m] [Cron Error] Gagal parsing cnbc: Request timed out after 60000ms
2025-10-14 17:20:00 [[32minfo[39m] [Cron] Memulai fetch berita...
2025-10-14 17:21:01 [[31merror[39m] [Cron Error] Gagal parsing cnn: Request timed out after 60000ms
2025-10-14 17:30:00 [[32minfo[39m] [Cron] Memulai fetch berita...
2025-10-14 17:30:03 [[32minfo[39m] [Cron] Berhasil update berita.
2025-10-14 17:40:00 [[32minfo[39m] [Cron] Memulai fetch berita...
2025-10-14 17:41:00 [[31merror[39m] [Cron Error] Gagal parsing cnn: Request timed out after 60000ms
2025-10-14 17:50:00 [[32minfo[39m] [Cron] Memulai fetch berita...
2025-10-14 17:50:03 [[32minfo[39m] [Cron] Berhasil update berita.
2025-10-14 18:50:00 [[32minfo[39m] [Cron] Memulai fetch berita...
2025-10-14 18:51:02 [[31merror[39m] [Cron Error] Gagal parsing viva: Request timed out after 60000ms
2025-10-14 19:00:00 [[32minfo[39m] [Cron] Memulai fetch berita...
2025-10-14 19:01:01 [[31merror[39m] [Cron Error] Gagal parsing antaranews: Request timed out after 60000ms
